<?xml version="1.0" encoding="UTF-8"?>
<testng-results skipped="0" failed="1" ignored="0" total="3" passed="2">
  <reporter-output>
  </reporter-output>
  <suite name="Suite" duration-ms="31589" started-at="2018-04-26T13:19:33Z" finished-at="2018-04-26T13:20:04Z">
    <groups>
    </groups>
    <test name="IETest" duration-ms="10170" started-at="2018-04-26T13:19:33Z" finished-at="2018-04-26T13:19:43Z">
      <class name="TestNG.TestNGClass1">
        <test-method status="PASS" signature="launchapp(java.lang.String)[pri:0, instance:TestNG.TestNGClass1@6e1567f1]" name="launchapp" is-config="true" duration-ms="8597" started-at="2018-04-26T13:19:33Z" finished-at="2018-04-26T13:19:41Z">
          <params>
            <param index="0">
              <value>
                <![CDATA[internet explorer]]>
              </value>
            </param>
          </params>
          <reporter-output>
          </reporter-output>
        </test-method> <!-- launchapp -->
        <test-method status="FAIL" signature="calculatepercent()[pri:0, instance:TestNG.TestNGClass1@6e1567f1]" name="calculatepercent" duration-ms="1355" started-at="2018-04-26T13:19:41Z" finished-at="2018-04-26T13:19:43Z">
          <exception class="org.openqa.selenium.interactions.MoveTargetOutOfBoundsException">
            <message>
              <![CDATA[Cannot click on element
Build info: version: '3.11.0', revision: 'e59cfb3', time: '2018-03-11T20:33:08.638Z'
System info: host: 'L-SE-1188', ip: '10.46.40.116', os.name: 'Windows 10', os.arch: 'amd64', os.version: '10.0', java.version: '1.8.0_161'
Driver info: org.openqa.selenium.remote.RemoteWebDriver
Capabilities {acceptInsecureCerts: false, browserName: internet explorer, browserVersion: 11, javascriptEnabled: true, pageLoadStrategy: normal, platform: WINDOWS, platformName: WINDOWS, proxy: Proxy(), se:ieOptions: {browserAttachTimeout: 0, elementScrollBehavior: 0, enablePersistentHover: true, ie.browserCommandLineSwitches: , ie.ensureCleanSession: false, ie.fileUploadDialogTimeout: 3000, ie.forceCreateProcessApi: false, ignoreProtectedModeSettings: false, ignoreZoomSetting: false, initialBrowserUrl: http://localhost:13479/, nativeEvents: true, requireWindowFocus: false}, setWindowRect: true, timeouts: {implicit: 0, pageLoad: 300000, script: 30000}, webdriver.remote.sessionid: 9b51efa9-6e7a-432d-bfa7-80e...}
Session ID: 9b51efa9-6e7a-432d-bfa7-80e75f6dba8d]]>
            </message>
            <full-stacktrace>
              <![CDATA[org.openqa.selenium.interactions.MoveTargetOutOfBoundsException: Cannot click on element
Build info: version: '3.11.0', revision: 'e59cfb3', time: '2018-03-11T20:33:08.638Z'
System info: host: 'L-SE-1188', ip: '10.46.40.116', os.name: 'Windows 10', os.arch: 'amd64', os.version: '10.0', java.version: '1.8.0_161'
Driver info: org.openqa.selenium.remote.RemoteWebDriver
Capabilities {acceptInsecureCerts: false, browserName: internet explorer, browserVersion: 11, javascriptEnabled: true, pageLoadStrategy: normal, platform: WINDOWS, platformName: WINDOWS, proxy: Proxy(), se:ieOptions: {browserAttachTimeout: 0, elementScrollBehavior: 0, enablePersistentHover: true, ie.browserCommandLineSwitches: , ie.ensureCleanSession: false, ie.fileUploadDialogTimeout: 3000, ie.forceCreateProcessApi: false, ignoreProtectedModeSettings: false, ignoreZoomSetting: false, initialBrowserUrl: http://localhost:13479/, nativeEvents: true, requireWindowFocus: false}, setWindowRect: true, timeouts: {implicit: 0, pageLoad: 300000, script: 30000}, webdriver.remote.sessionid: 9b51efa9-6e7a-432d-bfa7-80e...}
Session ID: 9b51efa9-6e7a-432d-bfa7-80e75f6dba8d
at sun.reflect.NativeConstructorAccessorImpl.newInstance0(Native Method)
at sun.reflect.NativeConstructorAccessorImpl.newInstance(NativeConstructorAccessorImpl.java:62)
at sun.reflect.DelegatingConstructorAccessorImpl.newInstance(DelegatingConstructorAccessorImpl.java:45)
at java.lang.reflect.Constructor.newInstance(Constructor.java:423)
at org.openqa.selenium.remote.http.W3CHttpResponseCodec.createException(W3CHttpResponseCodec.java:187)
at org.openqa.selenium.remote.http.W3CHttpResponseCodec.decode(W3CHttpResponseCodec.java:122)
at org.openqa.selenium.remote.http.W3CHttpResponseCodec.decode(W3CHttpResponseCodec.java:49)
at org.openqa.selenium.remote.HttpCommandExecutor.execute(HttpCommandExecutor.java:158)
at org.openqa.selenium.remote.RemoteWebDriver.execute(RemoteWebDriver.java:545)
at org.openqa.selenium.remote.RemoteWebElement.execute(RemoteWebElement.java:279)
at org.openqa.selenium.remote.RemoteWebElement.click(RemoteWebElement.java:83)
at TestNG.TestNGClass1.calculatepercent(TestNGClass1.java:78)
at sun.reflect.NativeMethodAccessorImpl.invoke0(Native Method)
at sun.reflect.NativeMethodAccessorImpl.invoke(NativeMethodAccessorImpl.java:62)
at sun.reflect.DelegatingMethodAccessorImpl.invoke(DelegatingMethodAccessorImpl.java:43)
at java.lang.reflect.Method.invoke(Method.java:498)
at org.testng.internal.MethodInvocationHelper.invokeMethod(MethodInvocationHelper.java:124)
at org.testng.internal.Invoker.invokeMethod(Invoker.java:583)
at org.testng.internal.Invoker.invokeTestMethod(Invoker.java:719)
at org.testng.internal.Invoker.invokeTestMethods(Invoker.java:989)
at org.testng.internal.TestMethodWorker.invokeTestMethods(TestMethodWorker.java:125)
at org.testng.internal.TestMethodWorker.run(TestMethodWorker.java:109)
at org.testng.TestRunner.privateRun(TestRunner.java:648)
at org.testng.TestRunner.run(TestRunner.java:505)
at org.testng.SuiteRunner.runTest(SuiteRunner.java:455)
at org.testng.SuiteRunner.access$000(SuiteRunner.java:40)
at org.testng.SuiteRunner$SuiteWorker.run(SuiteRunner.java:489)
at org.testng.internal.thread.ThreadUtil$1.call(ThreadUtil.java:52)
at java.util.concurrent.FutureTask.run(FutureTask.java:266)
at java.util.concurrent.ThreadPoolExecutor.runWorker(ThreadPoolExecutor.java:1149)
at java.util.concurrent.ThreadPoolExecutor$Worker.run(ThreadPoolExecutor.java:624)
at java.lang.Thread.run(Thread.java:748)
]]>
            </full-stacktrace>
          </exception> <!-- org.openqa.selenium.interactions.MoveTargetOutOfBoundsException -->
          <reporter-output>
          </reporter-output>
        </test-method> <!-- calculatepercent -->
        <test-method status="PASS" signature="closeBrowser()[pri:0, instance:TestNG.TestNGClass1@6e1567f1]" name="closeBrowser" is-config="true" duration-ms="140" started-at="2018-04-26T13:19:43Z" finished-at="2018-04-26T13:19:43Z">
          <reporter-output>
          </reporter-output>
        </test-method> <!-- closeBrowser -->
      </class> <!-- TestNG.TestNGClass1 -->
    </test> <!-- IETest -->
    <test name="FirefoxTest" duration-ms="24842" started-at="2018-04-26T13:19:33Z" finished-at="2018-04-26T13:19:58Z">
      <class name="TestNG.TestNGClass1">
        <test-method status="PASS" signature="launchapp(java.lang.String)[pri:0, instance:TestNG.TestNGClass1@548e7350]" name="launchapp" is-config="true" duration-ms="15722" started-at="2018-04-26T13:19:33Z" finished-at="2018-04-26T13:19:48Z">
          <params>
            <param index="0">
              <value>
                <![CDATA[firefox]]>
              </value>
            </param>
          </params>
          <reporter-output>
          </reporter-output>
        </test-method> <!-- launchapp -->
        <test-method status="PASS" signature="calculatepercent()[pri:0, instance:TestNG.TestNGClass1@548e7350]" name="calculatepercent" duration-ms="6664" started-at="2018-04-26T13:19:48Z" finished-at="2018-04-26T13:19:55Z">
          <reporter-output>
          </reporter-output>
        </test-method> <!-- calculatepercent -->
        <test-method status="PASS" signature="closeBrowser()[pri:0, instance:TestNG.TestNGClass1@548e7350]" name="closeBrowser" is-config="true" duration-ms="2449" started-at="2018-04-26T13:19:55Z" finished-at="2018-04-26T13:19:58Z">
          <reporter-output>
          </reporter-output>
        </test-method> <!-- closeBrowser -->
      </class> <!-- TestNG.TestNGClass1 -->
    </test> <!-- FirefoxTest -->
    <test name="ChromeTest" duration-ms="31589" started-at="2018-04-26T13:19:33Z" finished-at="2018-04-26T13:20:04Z">
      <class name="TestNG.TestNGClass1">
        <test-method status="PASS" signature="launchapp(java.lang.String)[pri:0, instance:TestNG.TestNGClass1@1e397ed7]" name="launchapp" is-config="true" duration-ms="20171" started-at="2018-04-26T13:19:33Z" finished-at="2018-04-26T13:19:53Z">
          <params>
            <param index="0">
              <value>
                <![CDATA[chrome]]>
              </value>
            </param>
          </params>
          <reporter-output>
          </reporter-output>
        </test-method> <!-- launchapp -->
        <test-method status="PASS" signature="calculatepercent()[pri:0, instance:TestNG.TestNGClass1@1e397ed7]" name="calculatepercent" duration-ms="11097" started-at="2018-04-26T13:19:53Z" finished-at="2018-04-26T13:20:04Z">
          <reporter-output>
          </reporter-output>
        </test-method> <!-- calculatepercent -->
        <test-method status="PASS" signature="closeBrowser()[pri:0, instance:TestNG.TestNGClass1@1e397ed7]" name="closeBrowser" is-config="true" duration-ms="309" started-at="2018-04-26T13:20:04Z" finished-at="2018-04-26T13:20:04Z">
          <reporter-output>
          </reporter-output>
        </test-method> <!-- closeBrowser -->
      </class> <!-- TestNG.TestNGClass1 -->
    </test> <!-- ChromeTest -->
  </suite> <!-- Suite -->
</testng-results>
